<?xml version="1.0" encoding="UTF-8"?>
<testsuite xmlns:xsi="http://www.w3.org/2001/XMLSchema-instance" xsi:noNamespaceSchemaLocation="https://maven.apache.org/surefire/maven-surefire-plugin/xsd/surefire-test-report-3.0.xsd" version="3.0" name="com.hoshino.ruby.bookmarker_api.api.BookmarkControllerTest" time="7.894" tests="2" errors="0" skipped="0" failures="0">
  <properties>
[...]
</properties>
  <testcase name="shouldGetBookmarks(int, int, int, int, boolean, boolean, boolean, boolean)[1]" classname="com.hoshino.ruby.bookmarker_api.api.BookmarkControllerTest" time="0.981">
    <system-out><![CDATA[02:59:01.947 [main] INFO org.springframework.test.context.support.AnnotationConfigContextLoaderUtils -- Could not detect default configuration classes for test class [com.hoshino.ruby.bookmarker_api.api.BookmarkControllerTest]: BookmarkControllerTest does not declare any static, non-private, non-final, nested classes annotated with @Configuration.
02:59:02.174 [main] INFO org.springframework.boot.test.context.SpringBootTestContextBootstrapper -- Found @SpringBootConfiguration com.hoshino.ruby.bookmarker_api.BookmarkerApiApplication for test class com.hoshino.ruby.bookmarker_api.api.BookmarkControllerTest
02:59:02.443 [main] INFO org.springframework.boot.devtools.restart.RestartApplicationListener -- Restart disabled due to context in which it is running

  .   ____          _            __ _ _
 /\\ / ___'_ __ _ _(_)_ __  __ _ \ \ \ \
( ( )\___ | '_ | '_| | '_ \/ _` | \ \ \ \
 \\/  ___)| |_)| | | | | || (_| |  ) ) ) )
  '  |____| .__|_| |_|_| |_\__, | / / / /
 =========|_|==============|___/=/_/_/_/

 :: Spring Boot ::                (v3.3.4)

2024-10-11T02:59:02.748+06:00  INFO 3760 --- [bookmarker-api] [           main] c.h.r.b.api.BookmarkControllerTest       : Starting BookmarkControllerTest using Java 20.0.2 with PID 3760 (started by ASUS in D:\Libraries\This_PC_Folders\bookmarkerAPI\bookmarker-api)
2024-10-11T02:59:02.750+06:00  INFO 3760 --- [bookmarker-api] [           main] c.h.r.b.api.BookmarkControllerTest       : No active profile set, falling back to 1 default profile: "default"
2024-10-11T02:59:03.782+06:00  INFO 3760 --- [bookmarker-api] [           main] .s.d.r.c.RepositoryConfigurationDelegate : Bootstrapping Spring Data JPA repositories in DEFAULT mode.
2024-10-11T02:59:03.835+06:00  INFO 3760 --- [bookmarker-api] [           main] .s.d.r.c.RepositoryConfigurationDelegate : Finished Spring Data repository scanning in 47 ms. Found 1 JPA repository interface.
2024-10-11T02:59:04.735+06:00  INFO 3760 --- [bookmarker-api] [           main] o.s.b.w.embedded.tomcat.TomcatWebServer  : Tomcat initialized with port 0 (http)
2024-10-11T02:59:04.751+06:00  INFO 3760 --- [bookmarker-api] [           main] o.apache.catalina.core.StandardService   : Starting service [Tomcat]
2024-10-11T02:59:04.752+06:00  INFO 3760 --- [bookmarker-api] [           main] o.apache.catalina.core.StandardEngine    : Starting Servlet engine: [Apache Tomcat/10.1.30]
2024-10-11T02:59:04.838+06:00  INFO 3760 --- [bookmarker-api] [           main] o.a.c.c.C.[Tomcat].[localhost].[/]       : Initializing Spring embedded WebApplicationContext
2024-10-11T02:59:04.839+06:00  INFO 3760 --- [bookmarker-api] [           main] w.s.c.ServletWebServerApplicationContext : Root WebApplicationContext: initialization completed in 2066 ms
2024-10-11T02:59:05.164+06:00  INFO 3760 --- [bookmarker-api] [           main] com.zaxxer.hikari.HikariDataSource       : HikariPool-1 - Starting...
2024-10-11T02:59:05.376+06:00  INFO 3760 --- [bookmarker-api] [           main] com.zaxxer.hikari.pool.HikariPool        : HikariPool-1 - Added connection conn0: url=jdbc:h2:mem:42222924-ea6c-4e7e-963f-dd07360d4301 user=SA
2024-10-11T02:59:05.378+06:00  INFO 3760 --- [bookmarker-api] [           main] com.zaxxer.hikari.HikariDataSource       : HikariPool-1 - Start completed.
2024-10-11T02:59:05.613+06:00  INFO 3760 --- [bookmarker-api] [           main] org.flywaydb.core.FlywayExecutor         : Database: jdbc:h2:mem:42222924-ea6c-4e7e-963f-dd07360d4301 (H2 2.2)
2024-10-11T02:59:05.619+06:00  WARN 3760 --- [bookmarker-api] [           main] o.f.c.internal.database.base.Database    : Flyway upgrade recommended: H2 2.2.224 is newer than this version of Flyway and support has not been tested. The latest supported version of H2 is 2.2.220.
2024-10-11T02:59:05.647+06:00  INFO 3760 --- [bookmarker-api] [           main] o.f.c.i.s.JdbcTableSchemaHistory         : Schema history table "PUBLIC"."flyway_schema_history" does not exist yet
2024-10-11T02:59:05.651+06:00  INFO 3760 --- [bookmarker-api] [           main] o.f.core.internal.command.DbValidate     : Successfully validated 2 migrations (execution time 00:00.018s)
2024-10-11T02:59:05.659+06:00  INFO 3760 --- [bookmarker-api] [           main] o.f.c.i.s.JdbcTableSchemaHistory         : Creating Schema History table "PUBLIC"."flyway_schema_history" ...
2024-10-11T02:59:05.706+06:00  INFO 3760 --- [bookmarker-api] [           main] o.f.core.internal.command.DbMigrate      : Current version of schema "PUBLIC": << Empty Schema >>
2024-10-11T02:59:05.715+06:00  INFO 3760 --- [bookmarker-api] [           main] o.f.core.internal.command.DbMigrate      : Migrating schema "PUBLIC" to version "1 - create bookmarks table"
2024-10-11T02:59:05.741+06:00  INFO 3760 --- [bookmarker-api] [           main] o.f.core.internal.command.DbMigrate      : Migrating schema "PUBLIC" to version "2 - insert sample data"
2024-10-11T02:59:05.756+06:00  INFO 3760 --- [bookmarker-api] [           main] o.f.core.internal.command.DbMigrate      : Successfully applied 2 migrations to schema "PUBLIC", now at version v2 (execution time 00:00.010s)
2024-10-11T02:59:05.886+06:00  INFO 3760 --- [bookmarker-api] [           main] o.hibernate.jpa.internal.util.LogHelper  : HHH000204: Processing PersistenceUnitInfo [name: default]
2024-10-11T02:59:05.962+06:00  INFO 3760 --- [bookmarker-api] [           main] org.hibernate.Version                    : HHH000412: Hibernate ORM core version 6.5.3.Final
2024-10-11T02:59:06.009+06:00  INFO 3760 --- [bookmarker-api] [           main] o.h.c.internal.RegionFactoryInitiator    : HHH000026: Second-level cache disabled
2024-10-11T02:59:06.370+06:00  INFO 3760 --- [bookmarker-api] [           main] o.s.o.j.p.SpringPersistenceUnitInfo      : No LoadTimeWeaver setup: ignoring JPA class transformer
2024-10-11T02:59:07.112+06:00  INFO 3760 --- [bookmarker-api] [           main] o.h.e.t.j.p.i.JtaPlatformInitiator       : HHH000489: No JTA platform available (set 'hibernate.transaction.jta.platform' to enable JTA platform integration)
2024-10-11T02:59:07.133+06:00  INFO 3760 --- [bookmarker-api] [           main] j.LocalContainerEntityManagerFactoryBean : Initialized JPA EntityManagerFactory for persistence unit 'default'
2024-10-11T02:59:07.529+06:00  WARN 3760 --- [bookmarker-api] [           main] JpaBaseConfiguration$JpaWebConfiguration : spring.jpa.open-in-view is enabled by default. Therefore, database queries may be performed during view rendering. Explicitly configure spring.jpa.open-in-view to disable this warning
2024-10-11T02:59:08.340+06:00  INFO 3760 --- [bookmarker-api] [           main] o.a.c.c.C.[Tomcat].[localhost].[/]       : Initializing Spring TestDispatcherServlet ''
2024-10-11T02:59:08.341+06:00  INFO 3760 --- [bookmarker-api] [           main] o.s.t.web.servlet.TestDispatcherServlet  : Initializing Servlet ''
2024-10-11T02:59:08.355+06:00  INFO 3760 --- [bookmarker-api] [           main] o.s.b.a.e.web.EndpointLinksResolver      : Exposing 1 endpoint beneath base path '/actuator'
2024-10-11T02:59:08.387+06:00  INFO 3760 --- [bookmarker-api] [           main] o.s.t.web.servlet.TestDispatcherServlet  : Completed initialization in 46 ms
2024-10-11T02:59:08.514+06:00  INFO 3760 --- [bookmarker-api] [           main] o.s.b.w.embedded.tomcat.TomcatWebServer  : Tomcat started on port 60013 (http) with context path '/'
2024-10-11T02:59:08.533+06:00  INFO 3760 --- [bookmarker-api] [           main] c.h.r.b.api.BookmarkControllerTest       : Started BookmarkControllerTest in 6.104 seconds (process running for 7.487)
Hibernate: delete from bookmarks b1_0
Hibernate: select next value for bm_id_seq
Hibernate: insert into bookmarks (created_at,title,url,id) values (?,?,?,?)
Hibernate: insert into bookmarks (created_at,title,url,id) values (?,?,?,?)
Hibernate: insert into bookmarks (created_at,title,url,id) values (?,?,?,?)
Hibernate: insert into bookmarks (created_at,title,url,id) values (?,?,?,?)
Hibernate: insert into bookmarks (created_at,title,url,id) values (?,?,?,?)
Hibernate: insert into bookmarks (created_at,title,url,id) values (?,?,?,?)
Hibernate: select b1_0.id,b1_0.created_at,b1_0.title,b1_0.url from bookmarks b1_0 order by b1_0.created_at desc offset ? rows fetch first ? rows only
Hibernate: select count(b1_0.id) from bookmarks b1_0
]]></system-out>
  </testcase>
  <testcase name="shouldGetBookmarks(int, int, int, int, boolean, boolean, boolean, boolean)[2]" classname="com.hoshino.ruby.bookmarker_api.api.BookmarkControllerTest" time="0.026">
    <system-out><![CDATA[Hibernate: delete from bookmarks b1_0
Hibernate: insert into bookmarks (created_at,title,url,id) values (?,?,?,?)
Hibernate: insert into bookmarks (created_at,title,url,id) values (?,?,?,?)
Hibernate: insert into bookmarks (created_at,title,url,id) values (?,?,?,?)
Hibernate: insert into bookmarks (created_at,title,url,id) values (?,?,?,?)
Hibernate: insert into bookmarks (created_at,title,url,id) values (?,?,?,?)
Hibernate: insert into bookmarks (created_at,title,url,id) values (?,?,?,?)
Hibernate: select b1_0.id,b1_0.created_at,b1_0.title,b1_0.url from bookmarks b1_0 order by b1_0.created_at desc offset ? rows fetch first ? rows only
Hibernate: select count(b1_0.id) from bookmarks b1_0
]]></system-out>
  </testcase>
</testsuite>