<?xml version="1.0" encoding="UTF-8"?>
<testsuite xmlns:xsi="http://www.w3.org/2001/XMLSchema-instance" xsi:noNamespaceSchemaLocation="https://maven.apache.org/surefire/maven-surefire-plugin/xsd/surefire-test-report-3.0.xsd" version="3.0" name="com.hoshino.ruby.bookmarker_api.BookmarkerApiApplicationTests" time="4.494" tests="1" errors="0" skipped="0" failures="0">
  <properties>
[...]
</properties>
  <testcase name="contextLoads" classname="com.hoshino.ruby.bookmarker_api.BookmarkerApiApplicationTests" time="0.007">
    <system-out><![CDATA[2024-10-11T02:59:09.655+06:00  INFO 3760 --- [bookmarker-api] [           main] t.c.s.AnnotationConfigContextLoaderUtils : Could not detect default configuration classes for test class [com.hoshino.ruby.bookmarker_api.BookmarkerApiApplicationTests]: BookmarkerApiApplicationTests does not declare any static, non-private, non-final, nested classes annotated with @Configuration.
2024-10-11T02:59:09.668+06:00  INFO 3760 --- [bookmarker-api] [           main] .b.t.c.SpringBootTestContextBootstrapper : Found @SpringBootConfiguration com.hoshino.ruby.bookmarker_api.BookmarkerApiApplication for test class com.hoshino.ruby.bookmarker_api.BookmarkerApiApplicationTests
2024-10-11T02:59:09.722+06:00  INFO 3760 --- [bookmarker-api] [           main] o.s.b.d.r.RestartApplicationListener     : Restart disabled due to context in which it is running

  .   ____          _            __ _ _
 /\\ / ___'_ __ _ _(_)_ __  __ _ \ \ \ \
( ( )\___ | '_ | '_| | '_ \/ _` | \ \ \ \
 \\/  ___)| |_)| | | | | || (_| |  ) ) ) )
  '  |____| .__|_| |_|_| |_\__, | / / / /
 =========|_|==============|___/=/_/_/_/

 :: Spring Boot ::                (v3.3.4)

2024-10-11T02:59:09.742+06:00  INFO 3760 --- [bookmarker-api] [           main] c.h.r.b.BookmarkerApiApplicationTests    : Starting BookmarkerApiApplicationTests using Java 20.0.2 with PID 3760 (started by ASUS in D:\Libraries\This_PC_Folders\bookmarkerAPI\bookmarker-api)
2024-10-11T02:59:09.742+06:00  INFO 3760 --- [bookmarker-api] [           main] c.h.r.b.BookmarkerApiApplicationTests    : No active profile set, falling back to 1 default profile: "default"
2024-10-11T02:59:10.023+06:00  INFO 3760 --- [bookmarker-api] [           main] .s.d.r.c.RepositoryConfigurationDelegate : Bootstrapping Spring Data JPA repositories in DEFAULT mode.
2024-10-11T02:59:10.030+06:00  INFO 3760 --- [bookmarker-api] [           main] .s.d.r.c.RepositoryConfigurationDelegate : Finished Spring Data repository scanning in 6 ms. Found 1 JPA repository interface.
2024-10-11T02:59:10.125+06:00  INFO 3760 --- [bookmarker-api] [           main] org.testcontainers.images.PullPolicy     : Image pull policy will be performed by: DefaultPullPolicy()
2024-10-11T02:59:10.128+06:00  INFO 3760 --- [bookmarker-api] [           main] o.t.utility.ImageNameSubstitutor         : Image name substitution will be performed by: DefaultImageNameSubstitutor (composite of 'ConfigurationFileImageNameSubstitutor' and 'PrefixingImageNameSubstitutor')
2024-10-11T02:59:10.324+06:00  INFO 3760 --- [bookmarker-api] [           main] o.t.d.DockerClientProviderStrategy       : Loaded org.testcontainers.dockerclient.NpipeSocketClientProviderStrategy from ~/.testcontainers.properties, will try it first
2024-10-11T02:59:10.553+06:00  INFO 3760 --- [bookmarker-api] [           main] o.t.d.DockerClientProviderStrategy       : Found Docker environment with local Npipe socket (npipe:////./pipe/docker_engine)
2024-10-11T02:59:10.555+06:00  INFO 3760 --- [bookmarker-api] [           main] org.testcontainers.DockerClientFactory   : Docker host IP address is localhost
2024-10-11T02:59:10.574+06:00  INFO 3760 --- [bookmarker-api] [           main] org.testcontainers.DockerClientFactory   : Connected to docker: 
  Server Version: 27.2.0
  API Version: 1.47
  Operating System: Docker Desktop
  Total Memory: 7794 MB
2024-10-11T02:59:10.642+06:00  INFO 3760 --- [bookmarker-api] [           main] tc.testcontainers/ryuk:0.7.0             : Creating container for image: testcontainers/ryuk:0.7.0
2024-10-11T02:59:10.871+06:00  INFO 3760 --- [bookmarker-api] [           main] tc.testcontainers/ryuk:0.7.0             : Container testcontainers/ryuk:0.7.0 is starting: b1c4e3fa4daa8aa5bae1cc1415749abc2fbd281794ebf1e5abc1c13b1c4e835d
2024-10-11T02:59:11.272+06:00  INFO 3760 --- [bookmarker-api] [           main] tc.testcontainers/ryuk:0.7.0             : Container testcontainers/ryuk:0.7.0 started in PT0.6303171S
2024-10-11T02:59:11.279+06:00  INFO 3760 --- [bookmarker-api] [           main] o.t.utility.RyukResourceReaper           : Ryuk started - will monitor and terminate Testcontainers containers on JVM exit
2024-10-11T02:59:11.279+06:00  INFO 3760 --- [bookmarker-api] [           main] org.testcontainers.DockerClientFactory   : Checking the system...
2024-10-11T02:59:11.280+06:00  INFO 3760 --- [bookmarker-api] [           main] org.testcontainers.DockerClientFactory   : ✔︎ Docker server version should be at least 1.6.0
2024-10-11T02:59:11.281+06:00  INFO 3760 --- [bookmarker-api] [           main] tc.postgres:latest                       : Creating container for image: postgres:latest
2024-10-11T02:59:11.442+06:00  INFO 3760 --- [bookmarker-api] [           main] tc.postgres:latest                       : Container postgres:latest is starting: ad29b8529edb1babaff388a2c548ef22a8202201619fb4e602d1666efbd9a0d0
2024-10-11T02:59:13.098+06:00  INFO 3760 --- [bookmarker-api] [           main] tc.postgres:latest                       : Container postgres:latest started in PT1.8171694S
2024-10-11T02:59:13.099+06:00  INFO 3760 --- [bookmarker-api] [           main] tc.postgres:latest                       : Container is started (JDBC URL: jdbc:postgresql://localhost:60017/test?loggerLevel=OFF)
2024-10-11T02:59:13.353+06:00  INFO 3760 --- [bookmarker-api] [           main] org.flywaydb.core.FlywayExecutor         : Database: jdbc:postgresql://localhost:60017/test (PostgreSQL 17.0)
2024-10-11T02:59:13.363+06:00  WARN 3760 --- [bookmarker-api] [           main] o.f.c.internal.database.base.Database    : Flyway upgrade recommended: PostgreSQL 17.0 is newer than this version of Flyway and support has not been tested. The latest supported version of PostgreSQL is 16.
2024-10-11T02:59:13.372+06:00  INFO 3760 --- [bookmarker-api] [           main] o.f.c.i.s.JdbcTableSchemaHistory         : Schema history table "public"."flyway_schema_history" does not exist yet
2024-10-11T02:59:13.374+06:00  INFO 3760 --- [bookmarker-api] [           main] o.f.core.internal.command.DbValidate     : Successfully validated 0 migrations (execution time 00:00.006s)
2024-10-11T02:59:13.374+06:00  WARN 3760 --- [bookmarker-api] [           main] o.f.core.internal.command.DbValidate     : No migrations found. Are your locations set up correctly?
2024-10-11T02:59:13.386+06:00  INFO 3760 --- [bookmarker-api] [           main] o.f.c.i.s.JdbcTableSchemaHistory         : Creating Schema History table "public"."flyway_schema_history" ...
2024-10-11T02:59:13.423+06:00  INFO 3760 --- [bookmarker-api] [           main] o.f.core.internal.command.DbMigrate      : Current version of schema "public": << Empty Schema >>
2024-10-11T02:59:13.424+06:00  INFO 3760 --- [bookmarker-api] [           main] o.f.core.internal.command.DbMigrate      : Schema "public" is up to date. No migration necessary.
2024-10-11T02:59:13.454+06:00  INFO 3760 --- [bookmarker-api] [           main] o.hibernate.jpa.internal.util.LogHelper  : HHH000204: Processing PersistenceUnitInfo [name: default]
2024-10-11T02:59:13.456+06:00  INFO 3760 --- [bookmarker-api] [           main] o.h.c.internal.RegionFactoryInitiator    : HHH000026: Second-level cache disabled
2024-10-11T02:59:13.463+06:00  INFO 3760 --- [bookmarker-api] [           main] o.s.o.j.p.SpringPersistenceUnitInfo      : No LoadTimeWeaver setup: ignoring JPA class transformer
2024-10-11T02:59:13.464+06:00  INFO 3760 --- [bookmarker-api] [           main] com.zaxxer.hikari.HikariDataSource       : HikariPool-2 - Starting...
2024-10-11T02:59:13.479+06:00  INFO 3760 --- [bookmarker-api] [           main] com.zaxxer.hikari.pool.HikariPool        : HikariPool-2 - Added connection org.postgresql.jdbc.PgConnection@6c238208
2024-10-11T02:59:13.479+06:00  INFO 3760 --- [bookmarker-api] [           main] com.zaxxer.hikari.HikariDataSource       : HikariPool-2 - Start completed.
2024-10-11T02:59:13.549+06:00  INFO 3760 --- [bookmarker-api] [           main] o.h.e.t.j.p.i.JtaPlatformInitiator       : HHH000489: No JTA platform available (set 'hibernate.transaction.jta.platform' to enable JTA platform integration)
Hibernate: create table bookmarks (id bigint not null, created_at timestamp(6) with time zone, title varchar(255) not null, url varchar(255) not null, primary key (id))
Hibernate: create sequence bm_id_seq start with 1 increment by 50
2024-10-11T02:59:13.571+06:00  INFO 3760 --- [bookmarker-api] [           main] j.LocalContainerEntityManagerFactoryBean : Initialized JPA EntityManagerFactory for persistence unit 'default'
2024-10-11T02:59:13.767+06:00  WARN 3760 --- [bookmarker-api] [           main] JpaBaseConfiguration$JpaWebConfiguration : spring.jpa.open-in-view is enabled by default. Therefore, database queries may be performed during view rendering. Explicitly configure spring.jpa.open-in-view to disable this warning
2024-10-11T02:59:14.112+06:00  INFO 3760 --- [bookmarker-api] [           main] o.s.b.a.e.web.EndpointLinksResolver      : Exposing 1 endpoint beneath base path '/actuator'
2024-10-11T02:59:14.136+06:00  INFO 3760 --- [bookmarker-api] [           main] c.h.r.b.BookmarkerApiApplicationTests    : Started BookmarkerApiApplicationTests in 4.414 seconds (process running for 13.089)
]]></system-out>
  </testcase>
</testsuite>